<?xml version="1.0" encoding="utf-8"?>
<TestRun id="6eb53f2b-be24-4d47-b231-a698db574e26" name="@HP-ZBook-15v-G5 2025-11-26 16:10:53" xmlns="http://microsoft.com/schemas/VisualStudio/TeamTest/2010">
  <Times creation="2025-11-26T16:10:53.3922537+02:00" queuing="2025-11-26T16:10:53.3922538+02:00" start="2025-11-26T16:10:53.1684639+02:00" finish="2025-11-26T16:10:53.3938868+02:00" />
  <TestSettings name="default" id="56b82d70-ded5-4a15-a0ce-d290168333de">
    <Deployment runDeploymentRoot="_HP-ZBook-15v-G5_2025-11-26_16_10_53" />
  </TestSettings>
  <TestLists>
    <TestList name="Results Not in a List" id="8c84fa94-04c1-424b-9868-57a2d4851a1d" />
    <TestList name="All Loaded Results" id="19431567-8539-422a-85d7-44ee4e166bda" />
  </TestLists>
  <ResultSummary outcome="Failed">
    <Counters total="0" executed="0" passed="0" failed="0" error="0" timeout="0" aborted="0" inconclusive="0" passedButRunAborted="0" notRunnable="0" notExecuted="0" disconnected="0" warning="0" completed="0" inProgress="0" pending="0" />
    <RunInfos>
      <RunInfo computerName="HP-ZBook-15v-G5" outcome="Error" timestamp="2025-11-26T16:10:53.3033216+02:00">
        <Text>Testhost process for source(s) '/home/saba/Programs/Csharp/kame/backend/bin/Debug/net8.0/backend.dll' exited with error: Error:
  An assembly specified in the application dependencies manifest (testhost.deps.json) was not found:
    package: 'NuGet.Frameworks', version: '6.8.1-rc.32767'
    path: 'lib/net8.0/NuGet.Frameworks.dll'
. Please check the diagnostic logs for more information.</Text>
      </RunInfo>
    </RunInfos>
  </ResultSummary>
</TestRun>